18:39:06.746 [main] WARN  o.s.w.c.s.XmlWebApplicationContext - Exception encountered during context initialization - cancelling refresh attempt: org.springframework.beans.factory.BeanCreationException: Error creating bean with name 'shiroFilter' defined in URL [file:/D:/project/cms/target/classes/applicationContext-shiro.xml]: Cannot resolve reference to bean 'securityManager' while setting bean property 'securityManager'; nested exception is org.springframework.beans.factory.BeanCreationException: Error creating bean with name 'securityManager' defined in URL [file:/D:/project/cms/target/classes/applicationContext-shiro.xml]: Cannot resolve reference to bean 'shiroDbRealm' while setting bean property 'realm'; nested exception is org.springframework.beans.factory.NoSuchBeanDefinitionException: No bean named 'adminDao' is defined
18:39:06.767 [main] ERROR o.s.web.context.ContextLoader - Context initialization failed
org.springframework.beans.factory.BeanCreationException: Error creating bean with name 'shiroFilter' defined in URL [file:/D:/project/cms/target/classes/applicationContext-shiro.xml]: Cannot resolve reference to bean 'securityManager' while setting bean property 'securityManager'; nested exception is org.springframework.beans.factory.BeanCreationException: Error creating bean with name 'securityManager' defined in URL [file:/D:/project/cms/target/classes/applicationContext-shiro.xml]: Cannot resolve reference to bean 'shiroDbRealm' while setting bean property 'realm'; nested exception is org.springframework.beans.factory.NoSuchBeanDefinitionException: No bean named 'adminDao' is defined
	at org.springframework.beans.factory.support.BeanDefinitionValueResolver.resolveReference(BeanDefinitionValueResolver.java:359) ~[spring-beans-4.2.5.RELEASE.jar:4.2.5.RELEASE]
	at org.springframework.beans.factory.support.BeanDefinitionValueResolver.resolveValueIfNecessary(BeanDefinitionValueResolver.java:108) ~[spring-beans-4.2.5.RELEASE.jar:4.2.5.RELEASE]
	at org.springframework.beans.factory.support.AbstractAutowireCapableBeanFactory.applyPropertyValues(AbstractAutowireCapableBeanFactory.java:1481) ~[spring-beans-4.2.5.RELEASE.jar:4.2.5.RELEASE]
	at org.springframework.beans.factory.support.AbstractAutowireCapableBeanFactory.populateBean(AbstractAutowireCapableBeanFactory.java:1226) ~[spring-beans-4.2.5.RELEASE.jar:4.2.5.RELEASE]
	at org.springframework.beans.factory.support.AbstractAutowireCapableBeanFactory.doCreateBean(AbstractAutowireCapableBeanFactory.java:543) ~[spring-beans-4.2.5.RELEASE.jar:4.2.5.RELEASE]
	at org.springframework.beans.factory.support.AbstractAutowireCapableBeanFactory.createBean(AbstractAutowireCapableBeanFactory.java:482) ~[spring-beans-4.2.5.RELEASE.jar:4.2.5.RELEASE]
	at org.springframework.beans.factory.support.AbstractBeanFactory$1.getObject(AbstractBeanFactory.java:306) ~[spring-beans-4.2.5.RELEASE.jar:4.2.5.RELEASE]
	at org.springframework.beans.factory.support.DefaultSingletonBeanRegistry.getSingleton(DefaultSingletonBeanRegistry.java:230) ~[spring-beans-4.2.5.RELEASE.jar:4.2.5.RELEASE]
	at org.springframework.beans.factory.support.AbstractBeanFactory.doGetBean(AbstractBeanFactory.java:302) ~[spring-beans-4.2.5.RELEASE.jar:4.2.5.RELEASE]
	at org.springframework.beans.factory.support.AbstractBeanFactory.getBean(AbstractBeanFactory.java:202) ~[spring-beans-4.2.5.RELEASE.jar:4.2.5.RELEASE]
	at org.springframework.context.support.PostProcessorRegistrationDelegate.registerBeanPostProcessors(PostProcessorRegistrationDelegate.java:240) ~[spring-context-4.2.5.RELEASE.jar:4.2.5.RELEASE]
	at org.springframework.context.support.AbstractApplicationContext.registerBeanPostProcessors(AbstractApplicationContext.java:687) ~[spring-context-4.2.5.RELEASE.jar:4.2.5.RELEASE]
	at org.springframework.context.support.AbstractApplicationContext.refresh(AbstractApplicationContext.java:523) ~[spring-context-4.2.5.RELEASE.jar:4.2.5.RELEASE]
	at org.springframework.web.context.ContextLoader.configureAndRefreshWebApplicationContext(ContextLoader.java:444) ~[spring-web-4.2.5.RELEASE.jar:4.2.5.RELEASE]
	at org.springframework.web.context.ContextLoader.initWebApplicationContext(ContextLoader.java:326) ~[spring-web-4.2.5.RELEASE.jar:4.2.5.RELEASE]
	at org.springframework.web.context.ContextLoaderListener.contextInitialized(ContextLoaderListener.java:107) [spring-web-4.2.5.RELEASE.jar:4.2.5.RELEASE]
	at org.eclipse.jetty.server.handler.ContextHandler.startContext(ContextHandler.java:746) [jetty-server-7.6.11.v20130520.jar:7.6.11.v20130520]
	at org.eclipse.jetty.servlet.ServletContextHandler.startContext(ServletContextHandler.java:238) [jetty-servlet-7.6.11.v20130520.jar:7.6.11.v20130520]
	at org.eclipse.jetty.webapp.WebAppContext.startContext(WebAppContext.java:1240) [jetty-webapp-7.6.11.v20130520.jar:7.6.11.v20130520]
	at org.eclipse.jetty.server.handler.ContextHandler.doStart(ContextHandler.java:689) [jetty-server-7.6.11.v20130520.jar:7.6.11.v20130520]
	at org.eclipse.jetty.webapp.WebAppContext.doStart(WebAppContext.java:482) [jetty-webapp-7.6.11.v20130520.jar:7.6.11.v20130520]
	at org.mortbay.jetty.plugin.JettyWebAppContext.doStart(JettyWebAppContext.java:256) [jetty-maven-plugin-7.6.11.v20130520.jar:7.6.11.v20130520]
	at org.eclipse.jetty.util.component.AbstractLifeCycle.start(AbstractLifeCycle.java:64) [jetty-util-7.6.11.v20130520.jar:7.6.11.v20130520]
	at org.eclipse.jetty.server.handler.HandlerCollection.doStart(HandlerCollection.java:229) [jetty-server-7.6.11.v20130520.jar:7.6.11.v20130520]
	at org.eclipse.jetty.server.handler.ContextHandlerCollection.doStart(ContextHandlerCollection.java:172) [jetty-server-7.6.11.v20130520.jar:7.6.11.v20130520]
	at org.eclipse.jetty.util.component.AbstractLifeCycle.start(AbstractLifeCycle.java:64) [jetty-util-7.6.11.v20130520.jar:7.6.11.v20130520]
	at org.eclipse.jetty.server.handler.HandlerCollection.doStart(HandlerCollection.java:229) [jetty-server-7.6.11.v20130520.jar:7.6.11.v20130520]
	at org.eclipse.jetty.util.component.AbstractLifeCycle.start(AbstractLifeCycle.java:64) [jetty-util-7.6.11.v20130520.jar:7.6.11.v20130520]
	at org.eclipse.jetty.server.handler.HandlerWrapper.doStart(HandlerWrapper.java:95) [jetty-server-7.6.11.v20130520.jar:7.6.11.v20130520]
	at org.eclipse.jetty.server.Server.doStart(Server.java:281) [jetty-server-7.6.11.v20130520.jar:7.6.11.v20130520]
	at org.mortbay.jetty.plugin.JettyServer.doStart(JettyServer.java:65) [jetty-maven-plugin-7.6.11.v20130520.jar:7.6.11.v20130520]
	at org.eclipse.jetty.util.component.AbstractLifeCycle.start(AbstractLifeCycle.java:64) [jetty-util-7.6.11.v20130520.jar:7.6.11.v20130520]
	at org.mortbay.jetty.plugin.AbstractJettyMojo.startJetty(AbstractJettyMojo.java:520) [jetty-maven-plugin-7.6.11.v20130520.jar:7.6.11.v20130520]
	at org.mortbay.jetty.plugin.AbstractJettyMojo.execute(AbstractJettyMojo.java:365) [jetty-maven-plugin-7.6.11.v20130520.jar:7.6.11.v20130520]
	at org.mortbay.jetty.plugin.JettyRunMojo.execute(JettyRunMojo.java:521) [jetty-maven-plugin-7.6.11.v20130520.jar:7.6.11.v20130520]
	at org.apache.maven.plugin.DefaultBuildPluginManager.executeMojo(DefaultBuildPluginManager.java:101) [maven-core-3.0.4.jar:3.0.4]
	at org.apache.maven.lifecycle.internal.MojoExecutor.execute(MojoExecutor.java:209) [maven-core-3.0.4.jar:3.0.4]
	at org.apache.maven.lifecycle.internal.MojoExecutor.execute(MojoExecutor.java:153) [maven-core-3.0.4.jar:3.0.4]
	at org.apache.maven.lifecycle.internal.MojoExecutor.execute(MojoExecutor.java:145) [maven-core-3.0.4.jar:3.0.4]
	at org.apache.maven.lifecycle.internal.LifecycleModuleBuilder.buildProject(LifecycleModuleBuilder.java:84) [maven-core-3.0.4.jar:3.0.4]
	at org.apache.maven.lifecycle.internal.LifecycleModuleBuilder.buildProject(LifecycleModuleBuilder.java:59) [maven-core-3.0.4.jar:3.0.4]
	at org.apache.maven.lifecycle.internal.LifecycleStarter.singleThreadedBuild(LifecycleStarter.java:183) [maven-core-3.0.4.jar:3.0.4]
	at org.apache.maven.lifecycle.internal.LifecycleStarter.execute(LifecycleStarter.java:161) [maven-core-3.0.4.jar:3.0.4]
	at org.apache.maven.DefaultMaven.doExecute(DefaultMaven.java:320) [maven-core-3.0.4.jar:3.0.4]
	at org.apache.maven.DefaultMaven.execute(DefaultMaven.java:156) [maven-core-3.0.4.jar:3.0.4]
	at org.apache.maven.cli.MavenCli.execute(MavenCli.java:537) [maven-embedder-3.0.4.jar:3.0.4]
	at org.apache.maven.cli.MavenCli.doMain(MavenCli.java:196) [maven-embedder-3.0.4.jar:3.0.4]
	at org.apache.maven.cli.MavenCli.main(MavenCli.java:141) [maven-embedder-3.0.4.jar:3.0.4]
	at sun.reflect.NativeMethodAccessorImpl.invoke0(Native Method) ~[na:1.8.0_121]
	at sun.reflect.NativeMethodAccessorImpl.invoke(NativeMethodAccessorImpl.java:62) ~[na:1.8.0_121]
	at sun.reflect.DelegatingMethodAccessorImpl.invoke(DelegatingMethodAccessorImpl.java:43) ~[na:1.8.0_121]
	at java.lang.reflect.Method.invoke(Method.java:498) ~[na:1.8.0_121]
	at org.codehaus.plexus.classworlds.launcher.Launcher.launchEnhanced(Launcher.java:290) [plexus-classworlds-2.4.jar:na]
	at org.codehaus.plexus.classworlds.launcher.Launcher.launch(Launcher.java:230) [plexus-classworlds-2.4.jar:na]
	at org.codehaus.plexus.classworlds.launcher.Launcher.mainWithExitCode(Launcher.java:409) [plexus-classworlds-2.4.jar:na]
	at org.codehaus.plexus.classworlds.launcher.Launcher.main(Launcher.java:352) [plexus-classworlds-2.4.jar:na]
	at org.codehaus.classworlds.Launcher.main(Launcher.java:47) [plexus-classworlds-2.4.jar:na]
Caused by: org.springframework.beans.factory.BeanCreationException: Error creating bean with name 'securityManager' defined in URL [file:/D:/project/cms/target/classes/applicationContext-shiro.xml]: Cannot resolve reference to bean 'shiroDbRealm' while setting bean property 'realm'; nested exception is org.springframework.beans.factory.NoSuchBeanDefinitionException: No bean named 'adminDao' is defined
	at org.springframework.beans.factory.support.BeanDefinitionValueResolver.resolveReference(BeanDefinitionValueResolver.java:359) ~[spring-beans-4.2.5.RELEASE.jar:4.2.5.RELEASE]
	at org.springframework.beans.factory.support.BeanDefinitionValueResolver.resolveValueIfNecessary(BeanDefinitionValueResolver.java:108) ~[spring-beans-4.2.5.RELEASE.jar:4.2.5.RELEASE]
	at org.springframework.beans.factory.support.AbstractAutowireCapableBeanFactory.applyPropertyValues(AbstractAutowireCapableBeanFactory.java:1481) ~[spring-beans-4.2.5.RELEASE.jar:4.2.5.RELEASE]
	at org.springframework.beans.factory.support.AbstractAutowireCapableBeanFactory.populateBean(AbstractAutowireCapableBeanFactory.java:1226) ~[spring-beans-4.2.5.RELEASE.jar:4.2.5.RELEASE]
	at org.springframework.beans.factory.support.AbstractAutowireCapableBeanFactory.doCreateBean(AbstractAutowireCapableBeanFactory.java:543) ~[spring-beans-4.2.5.RELEASE.jar:4.2.5.RELEASE]
	at org.springframework.beans.factory.support.AbstractAutowireCapableBeanFactory.createBean(AbstractAutowireCapableBeanFactory.java:482) ~[spring-beans-4.2.5.RELEASE.jar:4.2.5.RELEASE]
	at org.springframework.beans.factory.support.AbstractBeanFactory$1.getObject(AbstractBeanFactory.java:306) ~[spring-beans-4.2.5.RELEASE.jar:4.2.5.RELEASE]
	at org.springframework.beans.factory.support.DefaultSingletonBeanRegistry.getSingleton(DefaultSingletonBeanRegistry.java:230) ~[spring-beans-4.2.5.RELEASE.jar:4.2.5.RELEASE]
	at org.springframework.beans.factory.support.AbstractBeanFactory.doGetBean(AbstractBeanFactory.java:302) ~[spring-beans-4.2.5.RELEASE.jar:4.2.5.RELEASE]
	at org.springframework.beans.factory.support.AbstractBeanFactory.getBean(AbstractBeanFactory.java:197) ~[spring-beans-4.2.5.RELEASE.jar:4.2.5.RELEASE]
	at org.springframework.beans.factory.support.BeanDefinitionValueResolver.resolveReference(BeanDefinitionValueResolver.java:351) ~[spring-beans-4.2.5.RELEASE.jar:4.2.5.RELEASE]
	... 56 common frames omitted
Caused by: org.springframework.beans.factory.NoSuchBeanDefinitionException: No bean named 'adminDao' is defined
	at org.springframework.beans.factory.support.DefaultListableBeanFactory.getBeanDefinition(DefaultListableBeanFactory.java:698) ~[spring-beans-4.2.5.RELEASE.jar:4.2.5.RELEASE]
	at org.springframework.beans.factory.support.AbstractBeanFactory.getMergedLocalBeanDefinition(AbstractBeanFactory.java:1175) ~[spring-beans-4.2.5.RELEASE.jar:4.2.5.RELEASE]
	at org.springframework.beans.factory.support.AbstractBeanFactory.doGetBean(AbstractBeanFactory.java:284) ~[spring-beans-4.2.5.RELEASE.jar:4.2.5.RELEASE]
	at org.springframework.beans.factory.support.AbstractBeanFactory.getBean(AbstractBeanFactory.java:197) ~[spring-beans-4.2.5.RELEASE.jar:4.2.5.RELEASE]
	at org.springframework.beans.factory.support.AbstractBeanFactory.doGetBean(AbstractBeanFactory.java:296) ~[spring-beans-4.2.5.RELEASE.jar:4.2.5.RELEASE]
	at org.springframework.beans.factory.support.AbstractBeanFactory.getBean(AbstractBeanFactory.java:197) ~[spring-beans-4.2.5.RELEASE.jar:4.2.5.RELEASE]
	at org.springframework.beans.factory.support.BeanDefinitionValueResolver.resolveReference(BeanDefinitionValueResolver.java:351) ~[spring-beans-4.2.5.RELEASE.jar:4.2.5.RELEASE]
	... 66 common frames omitted
18:49:15.548 [main] ERROR o.h.tool.hbm2ddl.SchemaExport - HHH000389: Unsuccessful: alter table cms.sys_admin drop foreign key FK_cnd55ehpwm8n9rgdjiaoewxal
18:49:15.550 [main] ERROR o.h.tool.hbm2ddl.SchemaExport - Table 'cms.sys_admin' doesn't exist
18:49:15.552 [main] ERROR o.h.tool.hbm2ddl.SchemaExport - HHH000389: Unsuccessful: alter table cms.tbl_ad drop foreign key FK_2ae3a5ntl47iot8by6m4f13fr
18:49:15.552 [main] ERROR o.h.tool.hbm2ddl.SchemaExport - Table 'cms.tbl_ad' doesn't exist
18:49:15.555 [main] ERROR o.h.tool.hbm2ddl.SchemaExport - HHH000389: Unsuccessful: alter table cms.tbl_article drop foreign key FK_pwcijh72vvtavqks12am4nfft
18:49:15.555 [main] ERROR o.h.tool.hbm2ddl.SchemaExport - Table 'cms.tbl_article' doesn't exist
18:49:15.556 [main] ERROR o.h.tool.hbm2ddl.SchemaExport - HHH000389: Unsuccessful: alter table cms.tbl_article_category drop foreign key FK_4npyth411e8spcvca8rdihc4m
18:49:15.556 [main] ERROR o.h.tool.hbm2ddl.SchemaExport - Table 'cms.tbl_article_category' doesn't exist
18:53:10.863 [qtp1861889542-27] WARN  freemarker.jsp - Custom EL functions won't be loaded because no ObjectWarpper was specified .
