11:58:47.551 [main] ERROR o.h.tool.hbm2ddl.SchemaExport - HHH000389: Unsuccessful: alter table zyedu.sys_admin drop foreign key FK_cnd55ehpwm8n9rgdjiaoewxal
11:58:47.551 [main] ERROR o.h.tool.hbm2ddl.SchemaExport - Table 'zyedu.sys_admin' doesn't exist
11:58:47.551 [main] ERROR o.h.tool.hbm2ddl.SchemaExport - HHH000389: Unsuccessful: alter table zyedu.sys_user drop foreign key FK_3xmp6q1rp7q1r7baucrlbf5l
11:58:47.551 [main] ERROR o.h.tool.hbm2ddl.SchemaExport - Table 'zyedu.sys_user' doesn't exist
11:58:47.551 [main] ERROR o.h.tool.hbm2ddl.SchemaExport - HHH000389: Unsuccessful: alter table zyedu.tbl_ad drop foreign key FK_2ae3a5ntl47iot8by6m4f13fr
11:58:47.551 [main] ERROR o.h.tool.hbm2ddl.SchemaExport - Table 'zyedu.tbl_ad' doesn't exist
11:58:47.551 [main] ERROR o.h.tool.hbm2ddl.SchemaExport - HHH000389: Unsuccessful: alter table zyedu.tbl_article drop foreign key FK_pwcijh72vvtavqks12am4nfft
11:58:47.551 [main] ERROR o.h.tool.hbm2ddl.SchemaExport - Table 'zyedu.tbl_article' doesn't exist
11:58:47.551 [main] ERROR o.h.tool.hbm2ddl.SchemaExport - HHH000389: Unsuccessful: alter table zyedu.tbl_article_category drop foreign key FK_4npyth411e8spcvca8rdihc4m
11:58:47.551 [main] ERROR o.h.tool.hbm2ddl.SchemaExport - Table 'zyedu.tbl_article_category' doesn't exist
15:43:06.559 [main] ERROR o.h.tool.hbm2ddl.SchemaExport - HHH000389: Unsuccessful: alter table zyedu.sys_admin drop foreign key FK_cnd55ehpwm8n9rgdjiaoewxal
15:43:06.596 [main] ERROR o.h.tool.hbm2ddl.SchemaExport - Table 'zyedu.sys_admin' doesn't exist
15:43:06.597 [main] ERROR o.h.tool.hbm2ddl.SchemaExport - HHH000389: Unsuccessful: alter table zyedu.sys_user drop foreign key FK_3xmp6q1rp7q1r7baucrlbf5l
15:43:06.597 [main] ERROR o.h.tool.hbm2ddl.SchemaExport - Table 'zyedu.sys_user' doesn't exist
15:43:06.598 [main] ERROR o.h.tool.hbm2ddl.SchemaExport - HHH000389: Unsuccessful: alter table zyedu.tbl_ad drop foreign key FK_2ae3a5ntl47iot8by6m4f13fr
15:43:06.598 [main] ERROR o.h.tool.hbm2ddl.SchemaExport - Table 'zyedu.tbl_ad' doesn't exist
15:43:06.600 [main] ERROR o.h.tool.hbm2ddl.SchemaExport - HHH000389: Unsuccessful: alter table zyedu.tbl_article drop foreign key FK_pwcijh72vvtavqks12am4nfft
15:43:06.600 [main] ERROR o.h.tool.hbm2ddl.SchemaExport - Table 'zyedu.tbl_article' doesn't exist
15:43:06.602 [main] ERROR o.h.tool.hbm2ddl.SchemaExport - HHH000389: Unsuccessful: alter table zyedu.tbl_article_category drop foreign key FK_4npyth411e8spcvca8rdihc4m
15:43:06.602 [main] ERROR o.h.tool.hbm2ddl.SchemaExport - Table 'zyedu.tbl_article_category' doesn't exist
