10:02:46.175 [qtp979672986-53] WARN  freemarker.jsp - Custom EL functions won't be loaded because no ObjectWarpper was specified .
11:25:43.216 [main] WARN  o.s.w.c.s.XmlWebApplicationContext - Exception encountered during context initialization - cancelling refresh attempt: org.springframework.beans.factory.BeanCreationException: Error creating bean with name 'joinUsController': Injection of resource dependencies failed; nested exception is org.springframework.beans.factory.BeanNotOfRequiredTypeException: Bean named 'joinUsService' must be of type [com.rongtai.cms.service.SeoService], but was actually of type [com.rongtai.cms.service.JoinUsService]
11:25:43.224 [main] ERROR o.s.web.servlet.DispatcherServlet - Context initialization failed
org.springframework.beans.factory.BeanCreationException: Error creating bean with name 'joinUsController': Injection of resource dependencies failed; nested exception is org.springframework.beans.factory.BeanNotOfRequiredTypeException: Bean named 'joinUsService' must be of type [com.rongtai.cms.service.SeoService], but was actually of type [com.rongtai.cms.service.JoinUsService]
	at org.springframework.context.annotation.CommonAnnotationBeanPostProcessor.postProcessPropertyValues(CommonAnnotationBeanPostProcessor.java:311) ~[spring-context-4.2.5.RELEASE.jar:4.2.5.RELEASE]
	at org.springframework.beans.factory.support.AbstractAutowireCapableBeanFactory.populateBean(AbstractAutowireCapableBeanFactory.java:1214) ~[spring-beans-4.2.5.RELEASE.jar:4.2.5.RELEASE]
	at org.springframework.beans.factory.support.AbstractAutowireCapableBeanFactory.doCreateBean(AbstractAutowireCapableBeanFactory.java:543) ~[spring-beans-4.2.5.RELEASE.jar:4.2.5.RELEASE]
	at org.springframework.beans.factory.support.AbstractAutowireCapableBeanFactory.createBean(AbstractAutowireCapableBeanFactory.java:482) ~[spring-beans-4.2.5.RELEASE.jar:4.2.5.RELEASE]
	at org.springframework.beans.factory.support.AbstractBeanFactory$1.getObject(AbstractBeanFactory.java:306) ~[spring-beans-4.2.5.RELEASE.jar:4.2.5.RELEASE]
	at org.springframework.beans.factory.support.DefaultSingletonBeanRegistry.getSingleton(DefaultSingletonBeanRegistry.java:230) ~[spring-beans-4.2.5.RELEASE.jar:4.2.5.RELEASE]
	at org.springframework.beans.factory.support.AbstractBeanFactory.doGetBean(AbstractBeanFactory.java:302) ~[spring-beans-4.2.5.RELEASE.jar:4.2.5.RELEASE]
	at org.springframework.beans.factory.support.AbstractBeanFactory.getBean(AbstractBeanFactory.java:197) ~[spring-beans-4.2.5.RELEASE.jar:4.2.5.RELEASE]
	at org.springframework.beans.factory.support.DefaultListableBeanFactory.preInstantiateSingletons(DefaultListableBeanFactory.java:772) ~[spring-beans-4.2.5.RELEASE.jar:4.2.5.RELEASE]
	at org.springframework.context.support.AbstractApplicationContext.finishBeanFactoryInitialization(AbstractApplicationContext.java:839) ~[spring-context-4.2.5.RELEASE.jar:4.2.5.RELEASE]
	at org.springframework.context.support.AbstractApplicationContext.refresh(AbstractApplicationContext.java:538) ~[spring-context-4.2.5.RELEASE.jar:4.2.5.RELEASE]
	at org.springframework.web.servlet.FrameworkServlet.configureAndRefreshWebApplicationContext(FrameworkServlet.java:667) ~[spring-webmvc-4.2.5.RELEASE.jar:4.2.5.RELEASE]
	at org.springframework.web.servlet.FrameworkServlet.createWebApplicationContext(FrameworkServlet.java:633) ~[spring-webmvc-4.2.5.RELEASE.jar:4.2.5.RELEASE]
	at org.springframework.web.servlet.FrameworkServlet.createWebApplicationContext(FrameworkServlet.java:681) ~[spring-webmvc-4.2.5.RELEASE.jar:4.2.5.RELEASE]
	at org.springframework.web.servlet.FrameworkServlet.initWebApplicationContext(FrameworkServlet.java:552) ~[spring-webmvc-4.2.5.RELEASE.jar:4.2.5.RELEASE]
	at org.springframework.web.servlet.FrameworkServlet.initServletBean(FrameworkServlet.java:493) ~[spring-webmvc-4.2.5.RELEASE.jar:4.2.5.RELEASE]
	at org.springframework.web.servlet.HttpServletBean.init(HttpServletBean.java:136) [spring-webmvc-4.2.5.RELEASE.jar:4.2.5.RELEASE]
	at javax.servlet.GenericServlet.init(GenericServlet.java:241) [javax.servlet-2.5.0.v201103041518.jar:na]
	at org.eclipse.jetty.servlet.ServletHolder.initServlet(ServletHolder.java:477) [jetty-servlet-7.6.11.v20130520.jar:7.6.11.v20130520]
	at org.eclipse.jetty.servlet.ServletHolder.doStart(ServletHolder.java:293) [jetty-servlet-7.6.11.v20130520.jar:7.6.11.v20130520]
	at org.eclipse.jetty.util.component.AbstractLifeCycle.start(AbstractLifeCycle.java:64) [jetty-util-7.6.11.v20130520.jar:7.6.11.v20130520]
	at org.eclipse.jetty.servlet.ServletHandler.initialize(ServletHandler.java:730) [jetty-servlet-7.6.11.v20130520.jar:7.6.11.v20130520]
	at org.eclipse.jetty.servlet.ServletContextHandler.startContext(ServletContextHandler.java:254) [jetty-servlet-7.6.11.v20130520.jar:7.6.11.v20130520]
	at org.eclipse.jetty.webapp.WebAppContext.startContext(WebAppContext.java:1240) [jetty-webapp-7.6.11.v20130520.jar:7.6.11.v20130520]
	at org.eclipse.jetty.server.handler.ContextHandler.doStart(ContextHandler.java:689) [jetty-server-7.6.11.v20130520.jar:7.6.11.v20130520]
	at org.eclipse.jetty.webapp.WebAppContext.doStart(WebAppContext.java:482) [jetty-webapp-7.6.11.v20130520.jar:7.6.11.v20130520]
	at org.mortbay.jetty.plugin.JettyWebAppContext.doStart(JettyWebAppContext.java:256) [jetty-maven-plugin-7.6.11.v20130520.jar:7.6.11.v20130520]
	at org.eclipse.jetty.util.component.AbstractLifeCycle.start(AbstractLifeCycle.java:64) [jetty-util-7.6.11.v20130520.jar:7.6.11.v20130520]
	at org.eclipse.jetty.server.handler.HandlerCollection.doStart(HandlerCollection.java:229) [jetty-server-7.6.11.v20130520.jar:7.6.11.v20130520]
	at org.eclipse.jetty.server.handler.ContextHandlerCollection.doStart(ContextHandlerCollection.java:172) [jetty-server-7.6.11.v20130520.jar:7.6.11.v20130520]
	at org.eclipse.jetty.util.component.AbstractLifeCycle.start(AbstractLifeCycle.java:64) [jetty-util-7.6.11.v20130520.jar:7.6.11.v20130520]
	at org.eclipse.jetty.server.handler.HandlerCollection.doStart(HandlerCollection.java:229) [jetty-server-7.6.11.v20130520.jar:7.6.11.v20130520]
	at org.eclipse.jetty.util.component.AbstractLifeCycle.start(AbstractLifeCycle.java:64) [jetty-util-7.6.11.v20130520.jar:7.6.11.v20130520]
	at org.eclipse.jetty.server.handler.HandlerWrapper.doStart(HandlerWrapper.java:95) [jetty-server-7.6.11.v20130520.jar:7.6.11.v20130520]
	at org.eclipse.jetty.server.Server.doStart(Server.java:281) [jetty-server-7.6.11.v20130520.jar:7.6.11.v20130520]
	at org.mortbay.jetty.plugin.JettyServer.doStart(JettyServer.java:65) [jetty-maven-plugin-7.6.11.v20130520.jar:7.6.11.v20130520]
	at org.eclipse.jetty.util.component.AbstractLifeCycle.start(AbstractLifeCycle.java:64) [jetty-util-7.6.11.v20130520.jar:7.6.11.v20130520]
	at org.mortbay.jetty.plugin.AbstractJettyMojo.startJetty(AbstractJettyMojo.java:520) [jetty-maven-plugin-7.6.11.v20130520.jar:7.6.11.v20130520]
	at org.mortbay.jetty.plugin.AbstractJettyMojo.execute(AbstractJettyMojo.java:365) [jetty-maven-plugin-7.6.11.v20130520.jar:7.6.11.v20130520]
	at org.mortbay.jetty.plugin.JettyRunMojo.execute(JettyRunMojo.java:521) [jetty-maven-plugin-7.6.11.v20130520.jar:7.6.11.v20130520]
	at org.apache.maven.plugin.DefaultBuildPluginManager.executeMojo(DefaultBuildPluginManager.java:101) [maven-core-3.0.4.jar:3.0.4]
	at org.apache.maven.lifecycle.internal.MojoExecutor.execute(MojoExecutor.java:209) [maven-core-3.0.4.jar:3.0.4]
	at org.apache.maven.lifecycle.internal.MojoExecutor.execute(MojoExecutor.java:153) [maven-core-3.0.4.jar:3.0.4]
	at org.apache.maven.lifecycle.internal.MojoExecutor.execute(MojoExecutor.java:145) [maven-core-3.0.4.jar:3.0.4]
	at org.apache.maven.lifecycle.internal.LifecycleModuleBuilder.buildProject(LifecycleModuleBuilder.java:84) [maven-core-3.0.4.jar:3.0.4]
	at org.apache.maven.lifecycle.internal.LifecycleModuleBuilder.buildProject(LifecycleModuleBuilder.java:59) [maven-core-3.0.4.jar:3.0.4]
	at org.apache.maven.lifecycle.internal.LifecycleStarter.singleThreadedBuild(LifecycleStarter.java:183) [maven-core-3.0.4.jar:3.0.4]
	at org.apache.maven.lifecycle.internal.LifecycleStarter.execute(LifecycleStarter.java:161) [maven-core-3.0.4.jar:3.0.4]
	at org.apache.maven.DefaultMaven.doExecute(DefaultMaven.java:320) [maven-core-3.0.4.jar:3.0.4]
	at org.apache.maven.DefaultMaven.execute(DefaultMaven.java:156) [maven-core-3.0.4.jar:3.0.4]
	at org.apache.maven.cli.MavenCli.execute(MavenCli.java:537) [maven-embedder-3.0.4.jar:3.0.4]
	at org.apache.maven.cli.MavenCli.doMain(MavenCli.java:196) [maven-embedder-3.0.4.jar:3.0.4]
	at org.apache.maven.cli.MavenCli.main(MavenCli.java:141) [maven-embedder-3.0.4.jar:3.0.4]
	at sun.reflect.NativeMethodAccessorImpl.invoke0(Native Method) ~[na:1.8.0_121]
	at sun.reflect.NativeMethodAccessorImpl.invoke(NativeMethodAccessorImpl.java:62) ~[na:1.8.0_121]
	at sun.reflect.DelegatingMethodAccessorImpl.invoke(DelegatingMethodAccessorImpl.java:43) ~[na:1.8.0_121]
	at java.lang.reflect.Method.invoke(Method.java:498) ~[na:1.8.0_121]
	at org.codehaus.plexus.classworlds.launcher.Launcher.launchEnhanced(Launcher.java:290) [plexus-classworlds-2.4.jar:na]
	at org.codehaus.plexus.classworlds.launcher.Launcher.launch(Launcher.java:230) [plexus-classworlds-2.4.jar:na]
	at org.codehaus.plexus.classworlds.launcher.Launcher.mainWithExitCode(Launcher.java:409) [plexus-classworlds-2.4.jar:na]
	at org.codehaus.plexus.classworlds.launcher.Launcher.main(Launcher.java:352) [plexus-classworlds-2.4.jar:na]
	at org.codehaus.classworlds.Launcher.main(Launcher.java:47) [plexus-classworlds-2.4.jar:na]
Caused by: org.springframework.beans.factory.BeanNotOfRequiredTypeException: Bean named 'joinUsService' must be of type [com.rongtai.cms.service.SeoService], but was actually of type [com.rongtai.cms.service.JoinUsService]
	at org.springframework.beans.factory.support.AbstractBeanFactory.doGetBean(AbstractBeanFactory.java:378) ~[spring-beans-4.2.5.RELEASE.jar:4.2.5.RELEASE]
	at org.springframework.beans.factory.support.AbstractBeanFactory.getBean(AbstractBeanFactory.java:202) ~[spring-beans-4.2.5.RELEASE.jar:4.2.5.RELEASE]
	at org.springframework.beans.factory.support.AbstractBeanFactory.doGetBean(AbstractBeanFactory.java:275) ~[spring-beans-4.2.5.RELEASE.jar:4.2.5.RELEASE]
	at org.springframework.beans.factory.support.AbstractBeanFactory.getBean(AbstractBeanFactory.java:202) ~[spring-beans-4.2.5.RELEASE.jar:4.2.5.RELEASE]
	at org.springframework.context.annotation.CommonAnnotationBeanPostProcessor.autowireResource(CommonAnnotationBeanPostProcessor.java:512) ~[spring-context-4.2.5.RELEASE.jar:4.2.5.RELEASE]
	at org.springframework.context.annotation.CommonAnnotationBeanPostProcessor.getResource(CommonAnnotationBeanPostProcessor.java:486) ~[spring-context-4.2.5.RELEASE.jar:4.2.5.RELEASE]
	at org.springframework.context.annotation.CommonAnnotationBeanPostProcessor$ResourceElement.getResourceToInject(CommonAnnotationBeanPostProcessor.java:615) ~[spring-context-4.2.5.RELEASE.jar:4.2.5.RELEASE]
	at org.springframework.beans.factory.annotation.InjectionMetadata$InjectedElement.inject(InjectionMetadata.java:169) ~[spring-beans-4.2.5.RELEASE.jar:4.2.5.RELEASE]
	at org.springframework.beans.factory.annotation.InjectionMetadata.inject(InjectionMetadata.java:88) ~[spring-beans-4.2.5.RELEASE.jar:4.2.5.RELEASE]
	at org.springframework.context.annotation.CommonAnnotationBeanPostProcessor.postProcessPropertyValues(CommonAnnotationBeanPostProcessor.java:308) ~[spring-context-4.2.5.RELEASE.jar:4.2.5.RELEASE]
	... 61 common frames omitted
11:28:45.442 [qtp2033547232-34] WARN  freemarker.jsp - Custom EL functions won't be loaded because no ObjectWarpper was specified .
16:21:54.851 [qtp1594623186-26] WARN  freemarker.jsp - Custom EL functions won't be loaded because no ObjectWarpper was specified .
